# JRE version: OpenJDK Runtime Environment (8.0_112-b06) (build 1.8.0_112-release-b06)
# Java VM: OpenJDK 64-Bit Server VM (25.112-b06 mixed mode windows-amd64 compressed oops)
Heap:
 PSYoungGen      total 284672K, used 48414K [0x00000000e0000000, 0x00000000fc200000, 0x0000000100000000)
  eden space 233472K, 20% used [0x00000000e0000000,0x00000000e2f479b0,0x00000000ee400000)
  from space 51200K, 0% used [0x00000000f3600000,0x00000000f3600000,0x00000000f6800000)
  to   space 83968K, 0% used [0x00000000ee400000,0x00000000ee400000,0x00000000f3600000)
 ParOldGen       total 193536K, used 156928K [0x00000000a0000000, 0x00000000abd00000, 0x00000000e0000000)
  object space 193536K, 81% used [0x00000000a0000000,0x00000000a9940278,0x00000000abd00000)
 Metaspace       used 59499K, capacity 61156K, committed 61440K, reserved 1101824K
  class space    used 7732K, capacity 8127K, committed 8192K, reserved 1048576K
GC Heap History (10 events):
Event: 26.580 GC heap before
{Heap before GC invocations=14 (full 2):
 PSYoungGen      total 201216K, used 59148K [0x00000000e0000000, 0x00000000f1a00000, 0x0000000100000000)
  eden space 178176K, 20% used [0x00000000e0000000,0x00000000e2344dd8,0x00000000eae00000)
  from space 23040K, 99% used [0x00000000eae00000,0x00000000ec47e5a0,0x00000000ec480000)
  to   space 34816K, 0% used [0x00000000ef800000,0x00000000ef800000,0x00000000f1a00000)
 ParOldGen       total 94720K, used 59180K [0x00000000a0000000, 0x00000000a5c80000, 0x00000000e0000000)
  object space 94720K, 62% used [0x00000000a0000000,0x00000000a39cb330,0x00000000a5c80000)
 Metaspace       used 57481K, capacity 59120K, committed 59136K, reserved 1099776K
  class space    used 7521K, capacity 7925K, committed 7936K, reserved 1048576K
Event: 26.640 GC heap after
Heap after GC invocations=14 (full 2):
 PSYoungGen      total 252416K, used 23031K [0x00000000e0000000, 0x00000000f2580000, 0x0000000100000000)
  eden space 217600K, 0% used [0x00000000e0000000,0x00000000e0000000,0x00000000ed480000)
  from space 34816K, 66% used [0x00000000ef800000,0x00000000f0e7dd70,0x00000000f1a00000)
  to   space 36352K, 0% used [0x00000000ed480000,0x00000000ed480000,0x00000000ef800000)
 ParOldGen       total 94720K, used 71775K [0x00000000a0000000, 0x00000000a5c80000, 0x00000000e0000000)
  object space 94720K, 75% used [0x00000000a0000000,0x00000000a4617c80,0x00000000a5c80000)
 Metaspace       used 57481K, capacity 59120K, committed 59136K, reserved 1099776K
  class space    used 7521K, capacity 7925K, committed 7936K, reserved 1048576K
}
Event: 26.640 GC heap before
{Heap before GC invocations=15 (full 3):
 PSYoungGen      total 252416K, used 23031K [0x00000000e0000000, 0x00000000f2580000, 0x0000000100000000)
  eden space 217600K, 0% used [0x00000000e0000000,0x00000000e0000000,0x00000000ed480000)
  from space 34816K, 66% used [0x00000000ef800000,0x00000000f0e7dd70,0x00000000f1a00000)
  to   space 36352K, 0% used [0x00000000ed480000,0x00000000ed480000,0x00000000ef800000)
 ParOldGen       total 94720K, used 71775K [0x00000000a0000000, 0x00000000a5c80000, 0x00000000e0000000)
  object space 94720K, 75% used [0x00000000a0000000,0x00000000a4617c80,0x00000000a5c80000)
 Metaspace       used 57481K, capacity 59120K, committed 59136K, reserved 1099776K
  class space    used 7521K, capacity 7925K, committed 7936K, reserved 1048576K
Event: 27.148 GC heap after
Heap after GC invocations=15 (full 3):
 PSYoungGen      total 252416K, used 0K [0x00000000e0000000, 0x00000000f2580000, 0x0000000100000000)
  eden space 217600K, 0% used [0x00000000e0000000,0x00000000e0000000,0x00000000ed480000)
  from space 34816K, 0% used [0x00000000ef800000,0x00000000ef800000,0x00000000f1a00000)
  to   space 36352K, 0% used [0x00000000ed480000,0x00000000ed480000,0x00000000ef800000)
 ParOldGen       total 193536K, used 77369K [0x00000000a0000000, 0x00000000abd00000, 0x00000000e0000000)
  object space 193536K, 39% used [0x00000000a0000000,0x00000000a4b8e4f8,0x00000000abd00000)
 Metaspace       used 57479K, capacity 59114K, committed 59136K, reserved 1099776K
  class space    used 7520K, capacity 7924K, committed 7936K, reserved 1048576K
}
Event: 37.974 GC heap before
{Heap before GC invocations=16 (full 3):
 PSYoungGen      total 252416K, used 217600K [0x00000000e0000000, 0x00000000f2580000, 0x0000000100000000)
  eden space 217600K, 100% used [0x00000000e0000000,0x00000000ed480000,0x00000000ed480000)
  from space 34816K, 0% used [0x00000000ef800000,0x00000000ef800000,0x00000000f1a00000)
  to   space 36352K, 0% used [0x00000000ed480000,0x00000000ed480000,0x00000000ef800000)
 ParOldGen       total 193536K, used 77369K [0x00000000a0000000, 0x00000000abd00000, 0x00000000e0000000)
  object space 193536K, 39% used [0x00000000a0000000,0x00000000a4b8e4f8,0x00000000abd00000)
 Metaspace       used 59270K, capacity 60932K, committed 61184K, reserved 1101824K
  class space    used 7702K, capacity 8095K, committed 8192K, reserved 1048576K
Event: 38.046 GC heap after
Heap after GC invocations=16 (full 3):
 PSYoungGen      total 253952K, used 36333K [0x00000000e0000000, 0x00000000f6800000, 0x0000000100000000)
  eden space 217600K, 0% used [0x00000000e0000000,0x00000000e0000000,0x00000000ed480000)
  from space 36352K, 99% used [0x00000000ed480000,0x00000000ef7fb650,0x00000000ef800000)
  to   space 51200K, 0% used [0x00000000f3600000,0x00000000f3600000,0x00000000f6800000)
 ParOldGen       total 193536K, used 103175K [0x00000000a0000000, 0x00000000abd00000, 0x00000000e0000000)
  object space 193536K, 53% used [0x00000000a0000000,0x00000000a64c1f20,0x00000000abd00000)
 Metaspace       used 59270K, capacity 60932K, committed 61184K, reserved 1101824K
  class space    used 7702K, capacity 8095K, committed 8192K, reserved 1048576K
}
Event: 39.438 GC heap before
{Heap before GC invocations=17 (full 3):
 PSYoungGen      total 253952K, used 253933K [0x00000000e0000000, 0x00000000f6800000, 0x0000000100000000)
  eden space 217600K, 100% used [0x00000000e0000000,0x00000000ed480000,0x00000000ed480000)
  from space 36352K, 99% used [0x00000000ed480000,0x00000000ef7fb650,0x00000000ef800000)
  to   space 51200K, 0% used [0x00000000f3600000,0x00000000f3600000,0x00000000f6800000)
 ParOldGen       total 193536K, used 103175K [0x00000000a0000000, 0x00000000abd00000, 0x00000000e0000000)
  object space 193536K, 53% used [0x00000000a0000000,0x00000000a64c1f20,0x00000000abd00000)
 Metaspace       used 59496K, capacity 61156K, committed 61440K, reserved 1101824K
  class space    used 7732K, capacity 8127K, committed 8192K, reserved 1048576K
Event: 39.575 GC heap after
Heap after GC invocations=17 (full 3):
 PSYoungGen      total 284672K, used 51188K [0x00000000e0000000, 0x00000000fc200000, 0x0000000100000000)
  eden space 233472K, 0% used [0x00000000e0000000,0x00000000e0000000,0x00000000ee400000)
  from space 51200K, 99% used [0x00000000f3600000,0x00000000f67fd1c8,0x00000000f6800000)
  to   space 83968K, 0% used [0x00000000ee400000,0x00000000ee400000,0x00000000f3600000)
 ParOldGen       total 193536K, used 168177K [0x00000000a0000000, 0x00000000abd00000, 0x00000000e0000000)
  object space 193536K, 86% used [0x00000000a0000000,0x00000000aa43c790,0x00000000abd00000)
 Metaspace       used 59496K, capacity 61156K, committed 61440K, reserved 1101824K
  class space    used 7732K, capacity 8127K, committed 8192K, reserved 1048576K
}
Event: 39.575 GC heap before
{Heap before GC invocations=18 (full 4):
 PSYoungGen      total 284672K, used 51188K [0x00000000e0000000, 0x00000000fc200000, 0x0000000100000000)
  eden space 233472K, 0% used [0x00000000e0000000,0x00000000e0000000,0x00000000ee400000)
  from space 51200K, 99% used [0x00000000f3600000,0x00000000f67fd1c8,0x00000000f6800000)
  to   space 83968K, 0% used [0x00000000ee400000,0x00000000ee400000,0x00000000f3600000)
 ParOldGen       total 193536K, used 168177K [0x00000000a0000000, 0x00000000abd00000, 0x00000000e0000000)
  object space 193536K, 86% used [0x00000000a0000000,0x00000000aa43c790,0x00000000abd00000)
 Metaspace       used 59496K, capacity 61156K, committed 61440K, reserved 1101824K
  class space    used 7732K, capacity 8127K, committed 8192K, reserved 1048576K
Event: 40.262 GC heap after
Heap after GC invocations=18 (full 4):
 PSYoungGen      total 284672K, used 0K [0x00000000e0000000, 0x00000000fc200000, 0x0000000100000000)
  eden space 233472K, 0% used [0x00000000e0000000,0x00000000e0000000,0x00000000ee400000)
  from space 51200K, 0% used [0x00000000f3600000,0x00000000f3600000,0x00000000f6800000)
  to   space 83968K, 0% used [0x00000000ee400000,0x00000000ee400000,0x00000000f3600000)
 ParOldGen       total 193536K, used 156928K [0x00000000a0000000, 0x00000000abd00000, 0x00000000e0000000)
  object space 193536K, 81% used [0x00000000a0000000,0x00000000a9940278,0x00000000abd00000)
 Metaspace       used 59496K, capacity 61156K, committed 61440K, reserved 1101824K
  class space    used 7732K, capacity 8127K, committed 8192K, reserved 1048576K
}

