# JRE version: OpenJDK Runtime Environment (8.0_112-b06) (build 1.8.0_112-release-b06)
# Java VM: OpenJDK 64-Bit Server VM (25.112-b06 mixed mode windows-amd64 compressed oops)
Heap:
 PSYoungGen      total 441344K, used 70210K [0x00000000e0000000, 0x0000000100000000, 0x0000000100000000)
  eden space 366592K, 4% used [0x00000000e0000000,0x00000000e0fd6410,0x00000000f6600000)
  from space 74752K, 72% used [0x00000000fb280000,0x00000000fe73a670,0x00000000ffb80000)
  to   space 78336K, 0% used [0x00000000f6600000,0x00000000f6600000,0x00000000fb280000)
 ParOldGen       total 310272K, used 139446K [0x00000000a0000000, 0x00000000b2f00000, 0x00000000e0000000)
  object space 310272K, 44% used [0x00000000a0000000,0x00000000a882da48,0x00000000b2f00000)
 Metaspace       used 77726K, capacity 84012K, committed 85120K, reserved 1124352K
  class space    used 9604K, capacity 10303K, committed 10624K, reserved 1048576K
GC Heap History (10 events):
Event: 18809.915 GC heap before
{Heap before GC invocations=143 (full 12):
 PSYoungGen      total 445440K, used 379312K [0x00000000e0000000, 0x0000000100000000, 0x0000000100000000)
  eden space 366080K, 100% used [0x00000000e0000000,0x00000000f6580000,0x00000000f6580000)
  from space 79360K, 16% used [0x00000000fb280000,0x00000000fbf6c0f0,0x0000000100000000)
  to   space 78848K, 0% used [0x00000000f6580000,0x00000000f6580000,0x00000000fb280000)
 ParOldGen       total 350720K, used 292751K [0x00000000a0000000, 0x00000000b5680000, 0x00000000e0000000)
  object space 350720K, 83% used [0x00000000a0000000,0x00000000b1de3eb8,0x00000000b5680000)
 Metaspace       used 78038K, capacity 84582K, committed 84864K, reserved 1124352K
  class space    used 9655K, capacity 10405K, committed 10624K, reserved 1048576K
Event: 18809.979 GC heap after
Heap after GC invocations=143 (full 12):
 PSYoungGen      total 408064K, used 41761K [0x00000000e0000000, 0x00000000ffc80000, 0x0000000100000000)
  eden space 366080K, 0% used [0x00000000e0000000,0x00000000e0000000,0x00000000f6580000)
  from space 41984K, 99% used [0x00000000f6580000,0x00000000f8e485a0,0x00000000f8e80000)
  to   space 77312K, 0% used [0x00000000fb100000,0x00000000fb100000,0x00000000ffc80000)
 ParOldGen       total 350720K, used 304199K [0x00000000a0000000, 0x00000000b5680000, 0x00000000e0000000)
  object space 350720K, 86% used [0x00000000a0000000,0x00000000b2911c20,0x00000000b5680000)
 Metaspace       used 78038K, capacity 84582K, committed 84864K, reserved 1124352K
  class space    used 9655K, capacity 10405K, committed 10624K, reserved 1048576K
}
Event: 18810.596 GC heap before
{Heap before GC invocations=144 (full 12):
 PSYoungGen      total 408064K, used 407841K [0x00000000e0000000, 0x00000000ffc80000, 0x0000000100000000)
  eden space 366080K, 100% used [0x00000000e0000000,0x00000000f6580000,0x00000000f6580000)
  from space 41984K, 99% used [0x00000000f6580000,0x00000000f8e485a0,0x00000000f8e80000)
  to   space 77312K, 0% used [0x00000000fb100000,0x00000000fb100000,0x00000000ffc80000)
 ParOldGen       total 350720K, used 304199K [0x00000000a0000000, 0x00000000b5680000, 0x00000000e0000000)
  object space 350720K, 86% used [0x00000000a0000000,0x00000000b2911c20,0x00000000b5680000)
 Metaspace       used 78038K, capacity 84582K, committed 84864K, reserved 1124352K
  class space    used 9655K, capacity 10405K, committed 10624K, reserved 1048576K
Event: 18810.676 GC heap after
Heap after GC invocations=144 (full 12):
 PSYoungGen      total 443904K, used 43701K [0x00000000e0000000, 0x0000000100000000, 0x0000000100000000)
  eden space 366592K, 0% used [0x00000000e0000000,0x00000000e0000000,0x00000000f6600000)
  from space 77312K, 56% used [0x00000000fb100000,0x00000000fdbad580,0x00000000ffc80000)
  to   space 76800K, 0% used [0x00000000f6600000,0x00000000f6600000,0x00000000fb100000)
 ParOldGen       total 350720K, used 321541K [0x00000000a0000000, 0x00000000b5680000, 0x00000000e0000000)
  object space 350720K, 91% used [0x00000000a0000000,0x00000000b3a01588,0x00000000b5680000)
 Metaspace       used 78038K, capacity 84582K, committed 84864K, reserved 1124352K
  class space    used 9655K, capacity 10405K, committed 10624K, reserved 1048576K
}
Event: 18810.676 GC heap before
{Heap before GC invocations=145 (full 13):
 PSYoungGen      total 443904K, used 43701K [0x00000000e0000000, 0x0000000100000000, 0x0000000100000000)
  eden space 366592K, 0% used [0x00000000e0000000,0x00000000e0000000,0x00000000f6600000)
  from space 77312K, 56% used [0x00000000fb100000,0x00000000fdbad580,0x00000000ffc80000)
  to   space 76800K, 0% used [0x00000000f6600000,0x00000000f6600000,0x00000000fb100000)
 ParOldGen       total 350720K, used 321541K [0x00000000a0000000, 0x00000000b5680000, 0x00000000e0000000)
  object space 350720K, 91% used [0x00000000a0000000,0x00000000b3a01588,0x00000000b5680000)
 Metaspace       used 78038K, capacity 84582K, committed 84864K, reserved 1124352K
  class space    used 9655K, capacity 10405K, committed 10624K, reserved 1048576K
Event: 18811.323 GC heap after
Heap after GC invocations=145 (full 13):
 PSYoungGen      total 443904K, used 0K [0x00000000e0000000, 0x0000000100000000, 0x0000000100000000)
  eden space 366592K, 0% used [0x00000000e0000000,0x00000000e0000000,0x00000000f6600000)
  from space 77312K, 0% used [0x00000000fb100000,0x00000000fb100000,0x00000000ffc80000)
  to   space 76800K, 0% used [0x00000000f6600000,0x00000000f6600000,0x00000000fb100000)
 ParOldGen       total 310272K, used 118272K [0x00000000a0000000, 0x00000000b2f00000, 0x00000000e0000000)
  object space 310272K, 38% used [0x00000000a0000000,0x00000000a73802c8,0x00000000b2f00000)
 Metaspace       used 77507K, capacity 83660K, committed 84864K, reserved 1124352K
  class space    used 9573K, capacity 10257K, committed 10624K, reserved 1048576K
}
Event: 19047.276 GC heap before
{Heap before GC invocations=146 (full 13):
 PSYoungGen      total 443904K, used 366592K [0x00000000e0000000, 0x0000000100000000, 0x0000000100000000)
  eden space 366592K, 100% used [0x00000000e0000000,0x00000000f6600000,0x00000000f6600000)
  from space 77312K, 0% used [0x00000000fb100000,0x00000000fb100000,0x00000000ffc80000)
  to   space 76800K, 0% used [0x00000000f6600000,0x00000000f6600000,0x00000000fb100000)
 ParOldGen       total 310272K, used 118272K [0x00000000a0000000, 0x00000000b2f00000, 0x00000000e0000000)
  object space 310272K, 38% used [0x00000000a0000000,0x00000000a73802c8,0x00000000b2f00000)
 Metaspace       used 77698K, capacity 84006K, committed 85120K, reserved 1124352K
  class space    used 9601K, capacity 10300K, committed 10624K, reserved 1048576K
Event: 19047.305 GC heap after
Heap after GC invocations=146 (full 13):
 PSYoungGen      total 443392K, used 22272K [0x00000000e0000000, 0x00000000ffb80000, 0x0000000100000000)
  eden space 366592K, 0% used [0x00000000e0000000,0x00000000e0000000,0x00000000f6600000)
  from space 76800K, 29% used [0x00000000f6600000,0x00000000f7bc01b0,0x00000000fb100000)
  to   space 74752K, 0% used [0x00000000fb280000,0x00000000fb280000,0x00000000ffb80000)
 ParOldGen       total 310272K, used 118280K [0x00000000a0000000, 0x00000000b2f00000, 0x00000000e0000000)
  object space 310272K, 38% used [0x00000000a0000000,0x00000000a73822c8,0x00000000b2f00000)
 Metaspace       used 77698K, capacity 84006K, committed 85120K, reserved 1124352K
  class space    used 9601K, capacity 10300K, committed 10624K, reserved 1048576K
}
Event: 19076.651 GC heap before
{Heap before GC invocations=147 (full 13):
 PSYoungGen      total 443392K, used 388864K [0x00000000e0000000, 0x00000000ffb80000, 0x0000000100000000)
  eden space 366592K, 100% used [0x00000000e0000000,0x00000000f6600000,0x00000000f6600000)
  from space 76800K, 29% used [0x00000000f6600000,0x00000000f7bc01b0,0x00000000fb100000)
  to   space 74752K, 0% used [0x00000000fb280000,0x00000000fb280000,0x00000000ffb80000)
 ParOldGen       total 310272K, used 118280K [0x00000000a0000000, 0x00000000b2f00000, 0x00000000e0000000)
  object space 310272K, 38% used [0x00000000a0000000,0x00000000a73822c8,0x00000000b2f00000)
 Metaspace       used 77726K, capacity 84012K, committed 85120K, reserved 1124352K
  class space    used 9604K, capacity 10303K, committed 10624K, reserved 1048576K
Event: 19076.726 GC heap after
Heap after GC invocations=147 (full 13):
 PSYoungGen      total 441344K, used 53993K [0x00000000e0000000, 0x0000000100000000, 0x0000000100000000)
  eden space 366592K, 0% used [0x00000000e0000000,0x00000000e0000000,0x00000000f6600000)
  from space 74752K, 72% used [0x00000000fb280000,0x00000000fe73a670,0x00000000ffb80000)
  to   space 78336K, 0% used [0x00000000f6600000,0x00000000f6600000,0x00000000fb280000)
 ParOldGen       total 310272K, used 139446K [0x00000000a0000000, 0x00000000b2f00000, 0x00000000e0000000)
  object space 310272K, 44% used [0x00000000a0000000,0x00000000a882da48,0x00000000b2f00000)
 Metaspace       used 77726K, capacity 84012K, committed 85120K, reserved 1124352K
  class space    used 9604K, capacity 10303K, committed 10624K, reserved 1048576K
}

